#
# A fatal error has been detected by the Java Runtime Environment:
#
#  EXCEPTION_ACCESS_VIOLATION (0xc0000005) at pc=0x0000000070494ec7, pid=4808, tid=5372
#
# JRE version: Java(TM) SE Runtime Environment (8.0_25-b18) (build 1.8.0_25-b18)
# Java VM: Java HotSpot(TM) 64-Bit Server VM (25.25-b02 mixed mode windows-amd64 compressed oops)
# Problematic frame:
# C  [awt.dll+0x14ec7]
#
# Failed to write core dump. Minidumps are not enabled by default on client versions of Windows
#
# If you would like to submit a bug report, please visit:
#   http://bugreport.sun.com/bugreport/crash.jsp
# The crash happened outside the Java Virtual Machine in native code.
# See problematic frame for where to report the bug.
#

---------------  T H R E A D  ---------------

Current thread (0x000000001635a800):  JavaThread "AWT-Windows" daemon [_thread_in_native, id=5372, stack(0x0000000016c40000,0x0000000016d40000)]

siginfo: ExceptionCode=0xc0000005, reading address 0x00000000161029f0

Registers:
RAX=0x00000000160b18f0, RBX=0x000000000000a220, RCX=0x0000000016079548, RDX=0x000000000000a220
RSP=0x0000000016d3ede0, RBP=0x0000000016d3eed9, RSI=0x0000000000000111, RDI=0x0000000016079540
R8 =0x0000000000000000, R9 =0x0000000000000000, R10=0x00000000705887f8, R11=0x0000000000000001
R12=0x00000000163e2fc0, R13=0x000000000000010d, R14=0x000000000000a220, R15=0x0000000000000000
RIP=0x0000000070494ec7, EFLAGS=0x0000000000010246

Top of Stack: (sp=0x0000000016d3ede0)
0x0000000016d3ede0:   0000000002809800 000000010008ba48
0x0000000016d3edf0:   000000001635a800 000000007081d80d
0x0000000016d3ee00:   fffffffffffffffe 00000000ed9f9060
0x0000000016d3ee10:   000000001635a9e8 00000000705120a6
0x0000000016d3ee20:   0000000000000000 0000000000000000
0x0000000016d3ee30:   0000000000000177 0000000016d3eea0
0x0000000016d3ee40:   00000000163e3048 00000000705144dd
0x0000000016d3ee50:   00000000163e3048 0000000000000111
0x0000000016d3ee60:   0000000000000001 00000000ed9f9070
0x0000000016d3ee70:   00000000ed9f9038 0000000000000001
0x0000000016d3ee80:   00000000ed9f9070 00000000ed9f9060
0x0000000016d3ee90:   0000000000000000 00000000ed9f9070
0x0000000016d3eea0:   0000000000000001 0000000000000000
0x0000000016d3eeb0:   000000001635a800 000000001635a9e8
0x0000000016d3eec0:   fffffffffffffffe 00000000163e3048
0x0000000016d3eed0:   0000000016d3efc0 00000000025f061a 

Instructions: (pc=0x0000000070494ec7)
0x0000000070494ea7:   83 ec 30 48 c7 44 24 20 fe ff ff ff 48 89 5c 24
0x0000000070494eb7:   40 8b da 48 8b f9 48 8b 01 ff 10 90 48 8b 47 30
0x0000000070494ec7:   81 3c d8 00 80 00 00 77 04 33 db eb 04 48 8b 1c
0x0000000070494ed7:   d8 48 8b 17 48 8b cf ff 52 10 48 8b c3 48 8b 5c 


Register to memory mapping:

RAX=0x00000000160b18f0 is an unknown value
RBX=0x000000000000a220 is an unknown value
RCX=0x0000000016079548 is an unknown value
RDX=0x000000000000a220 is an unknown value
RSP=0x0000000016d3ede0 is pointing into the stack for thread: 0x000000001635a800
RBP=0x0000000016d3eed9 is pointing into the stack for thread: 0x000000001635a800
RSI=0x0000000000000111 is an unknown value
RDI=0x0000000016079540 is an unknown value
R8 =0x0000000000000000 is an unknown value
R9 =0x0000000000000000 is an unknown value
R10=0x00000000705887f8 is an unknown value
R11=0x0000000000000001 is an unknown value
R12=0x00000000163e2fc0 is an unknown value
R13=0x000000000000010d is an unknown value
R14=0x000000000000a220 is an unknown value
R15=0x0000000000000000 is an unknown value


Stack: [0x0000000016c40000,0x0000000016d40000],  sp=0x0000000016d3ede0,  free space=1019k
Native frames: (J=compiled Java code, j=interpreted, Vv=VM code, C=native code)
C  [awt.dll+0x14ec7]
C  [awt.dll+0x920a6]
C  [awt.dll+0x944dd]
C  [awt.dll+0xd3bb1]
C  [awt.dll+0xa8633]
C  [awt.dll+0x90832]
C  [USER32.dll+0x2524]
C  [USER32.dll+0x6773]
C  [awt.dll+0x150d4]
C  [COMCTL32.dll+0x1262]
C  [COMCTL32.dll+0x1132]
C  [USER32.dll+0x2524]
C  [USER32.dll+0x2387]
C  [awt.dll+0xcc7ac]
C  [awt.dll+0xcca5b]
C  0x0000000002605534

Java frames: (J=compiled Java code, j=interpreted, Vv=VM code)
j  sun.awt.windows.WToolkit.eventLoop()V+0
j  sun.awt.windows.WToolkit.run()V+58
j  java.lang.Thread.run()V+11
v  ~StubRoutines::call_stub

---------------  P R O C E S S  ---------------

Java Threads: ( => current thread )
  0x0000000019427800 JavaThread "TimerQueue" daemon [_thread_blocked, id=6440, stack(0x000000001ab80000,0x000000001ac80000)]
  0x00000000193db000 JavaThread "D3D Screen Updater" daemon [_thread_blocked, id=4964, stack(0x000000001a1a0000,0x000000001a2a0000)]
  0x00000000024f0800 JavaThread "DestroyJavaVM" [_thread_blocked, id=5068, stack(0x00000000023d0000,0x00000000024d0000)]
  0x000000001635d800 JavaThread "AWT-EventQueue-0" [_thread_blocked, id=5984, stack(0x0000000016f30000,0x0000000017030000)]
=>0x000000001635a800 JavaThread "AWT-Windows" daemon [_thread_in_native, id=5372, stack(0x0000000016c40000,0x0000000016d40000)]
  0x000000001634f000 JavaThread "AWT-Shutdown" [_thread_blocked, id=4736, stack(0x0000000016b40000,0x0000000016c40000)]
  0x000000001632a800 JavaThread "Java2D Disposer" daemon [_thread_blocked, id=3772, stack(0x0000000016a40000,0x0000000016b40000)]
  0x000000001483e800 JavaThread "Service Thread" daemon [_thread_blocked, id=4120, stack(0x0000000016440000,0x0000000016540000)]
  0x00000000147ec800 JavaThread "C1 CompilerThread2" daemon [_thread_blocked, id=2412, stack(0x0000000015f40000,0x0000000016040000)]
  0x00000000147e2000 JavaThread "C2 CompilerThread1" daemon [_thread_blocked, id=2936, stack(0x0000000015e40000,0x0000000015f40000)]
  0x00000000147dd800 JavaThread "C2 CompilerThread0" daemon [_thread_blocked, id=3444, stack(0x0000000015d40000,0x0000000015e40000)]
  0x00000000147d9800 JavaThread "Attach Listener" daemon [_thread_blocked, id=2200, stack(0x0000000015c40000,0x0000000015d40000)]
  0x00000000147d8000 JavaThread "Signal Dispatcher" daemon [_thread_blocked, id=6696, stack(0x0000000015b40000,0x0000000015c40000)]
  0x00000000025e2000 JavaThread "Finalizer" daemon [_thread_blocked, id=6332, stack(0x0000000015a40000,0x0000000015b40000)]
  0x00000000025db000 JavaThread "Reference Handler" daemon [_thread_blocked, id=6132, stack(0x0000000015940000,0x0000000015a40000)]

Other Threads:
  0x00000000147a6000 VMThread [stack: 0x0000000015840000,0x0000000015940000] [id=2948]
  0x0000000016076000 WatcherThread [stack: 0x0000000016540000,0x0000000016640000] [id=4868]

VM state:not at safepoint (normal execution)

VM Mutex/Monitor currently owned by a thread: None

Heap:
 PSYoungGen      total 16896K, used 5363K [0x00000000ed800000, 0x00000000eea80000, 0x0000000100000000)
  eden space 14848K, 36% used [0x00000000ed800000,0x00000000edd3cdb8,0x00000000ee680000)
  from space 2048K, 0% used [0x00000000ee880000,0x00000000ee880000,0x00000000eea80000)
  to   space 2048K, 0% used [0x00000000ee680000,0x00000000ee680000,0x00000000ee880000)
 ParOldGen       total 38400K, used 0K [0x00000000c8800000, 0x00000000cad80000, 0x00000000ed800000)
  object space 38400K, 0% used [0x00000000c8800000,0x00000000c8800000,0x00000000cad80000)
 Metaspace       used 10613K, capacity 10722K, committed 11008K, reserved 1058816K
  class space    used 1460K, capacity 1491K, committed 1536K, reserved 1048576K

Card table byte_map: [0x00000000119b0000,0x0000000011b70000] byte_map_base: 0x000000001136c000

Marking Bits: (ParMarkBitMap*) 0x0000000070ecd490
 Begin Bits: [0x00000000120a0000, 0x0000000012e80000)
 End Bits:   [0x0000000012e80000, 0x0000000013c60000)

Polling page: 0x0000000000c70000

CodeCache: size=245760Kb used=2219Kb max_used=2221Kb free=243540Kb
 bounds [0x00000000025f0000, 0x0000000002860000, 0x00000000115f0000]
 total_blobs=1030 nmethods=566 adapters=379
 compilation: enabled

Compilation events (10 events):
Event: 6.567 Thread 0x00000000147ec800  562       3       java.util.IdentityHashMap::get (60 bytes)
Event: 6.569 Thread 0x00000000147ec800 nmethod 562 0x000000000281b1d0 code [0x000000000281b380, 0x000000000281b828]
Event: 6.569 Thread 0x00000000147ec800  563   !   3       java.awt.EventQueue::postEventPrivate (104 bytes)
Event: 6.572 Thread 0x00000000147ec800 nmethod 563 0x000000000281a3d0 code [0x000000000281a5e0, 0x000000000281ae88]
Event: 6.693 Thread 0x00000000147ec800  564       1       java.lang.invoke.MethodHandles$Lookup::lookupClass (5 bytes)
Event: 6.693 Thread 0x00000000147ec800 nmethod 564 0x000000000281a110 code [0x000000000281a260, 0x000000000281a370]
Event: 6.697 Thread 0x00000000147ec800  565       3       java.util.HashMap$EntryIterator::next (5 bytes)
Event: 6.698 Thread 0x00000000147ec800 nmethod 565 0x0000000002819c10 code [0x0000000002819d80, 0x000000000281a068]
Event: 6.698 Thread 0x00000000147ec800  566       3       java.util.HashMap$EntryIterator::next (5 bytes)
Event: 6.698 Thread 0x00000000147ec800 nmethod 566 0x0000000002819810 code [0x0000000002819980, 0x0000000002819b88]

GC Heap History (0 events):
No events

Deoptimization events (1 events):
Event: 2.696 Thread 0x000000001635d800 Uncommon trap: reason=class_check action=maybe_recompile pc=0x000000000279a79c method=java.lang.String.equals(Ljava/lang/Object;)Z @ 8

Internal exceptions (10 events):
Event: 0.185 Thread 0x00000000024f0800 Exception <a 'java/security/PrivilegedActionException'> (0x00000000ed8c9f68) thrown at [D:\re\workspace\8-2-build-windows-amd64-cygwin\jdk8u25\1677\hotspot\src\share\vm\prims\jvm.cpp, line 1312]
Event: 0.186 Thread 0x00000000024f0800 Exception <a 'java/security/PrivilegedActionException'> (0x00000000ed8ca120) thrown at [D:\re\workspace\8-2-build-windows-amd64-cygwin\jdk8u25\1677\hotspot\src\share\vm\prims\jvm.cpp, line 1312]
Event: 0.187 Thread 0x00000000024f0800 Exception <a 'java/security/PrivilegedActionException'> (0x00000000ed8cdc18) thrown at [D:\re\workspace\8-2-build-windows-amd64-cygwin\jdk8u25\1677\hotspot\src\share\vm\prims\jvm.cpp, line 1312]
Event: 0.187 Thread 0x00000000024f0800 Exception <a 'java/security/PrivilegedActionException'> (0x00000000ed8cddd0) thrown at [D:\re\workspace\8-2-build-windows-amd64-cygwin\jdk8u25\1677\hotspot\src\share\vm\prims\jvm.cpp, line 1312]
Event: 0.196 Thread 0x00000000024f0800 Exception <a 'java/io/FileNotFoundException'> (0x00000000ed8d02a0) thrown at [D:\re\workspace\8-2-build-windows-amd64-cygwin\jdk8u25\1677\hotspot\src\share\vm\prims\jni.cpp, line 716]
Event: 0.259 Thread 0x00000000024f0800 Exception <a 'java/lang/ClassNotFoundException': java/lang/Null> (0x00000000ed946568) thrown at [D:\re\workspace\8-2-build-windows-amd64-cygwin\jdk8u25\1677\hotspot\src\share\vm\classfile\systemDictionary.cpp, line 202]
Event: 0.300 Thread 0x00000000024f0800 Exception <a 'java/lang/NoSuchFieldError': method resolution failed> (0x00000000ed9a9cb0) thrown at [D:\re\workspace\8-2-build-windows-amd64-cygwin\jdk8u25\1677\hotspot\src\share\vm\prims\methodHandles.cpp, line 1159]
Event: 0.305 Thread 0x00000000024f0800 Exception <a 'java/lang/NoSuchFieldError': method resolution failed> (0x00000000ed9b8878) thrown at [D:\re\workspace\8-2-build-windows-amd64-cygwin\jdk8u25\1677\hotspot\src\share\vm\prims\methodHandles.cpp, line 1159]
Event: 0.307 Thread 0x00000000024f0800 Exception <a 'java/lang/NoSuchFieldError': method resolution failed> (0x00000000ed9bb9d8) thrown at [D:\re\workspace\8-2-build-windows-amd64-cygwin\jdk8u25\1677\hotspot\src\share\vm\prims\methodHandles.cpp, line 1159]
Event: 0.381 Thread 0x000000001635d800 Exception <a 'java/io/FileNotFoundException'> (0x00000000eda610f0) thrown at [D:\re\workspace\8-2-build-windows-amd64-cygwin\jdk8u25\1677\hotspot\src\share\vm\prims\jni.cpp, line 716]

Events (10 events):
Event: 2.729 loading class sun/java2d/loops/ProcessPath$ActiveEdgeList
Event: 2.729 loading class sun/java2d/loops/ProcessPath$ActiveEdgeList done
Event: 2.729 loading class sun/java2d/loops/ProcessPath$Edge
Event: 2.729 loading class sun/java2d/loops/ProcessPath$Edge done
Event: 2.826 loading class javax/swing/Autoscroller
Event: 2.826 loading class javax/swing/Autoscroller done
Event: 4.176 Executing VM operation: EnableBiasedLocking
Event: 4.176 Executing VM operation: EnableBiasedLocking done
Event: 6.610 loading class java/awt/LightweightDispatcher$2
Event: 6.610 loading class java/awt/LightweightDispatcher$2 done


Dynamic libraries:
0x00007ff6d4550000 - 0x00007ff6d4584000 	C:\Program Files\Java\jre1.8.0_25\bin\javaw.exe
0x00007ff88fe00000 - 0x00007ff88ffa9000 	C:\Windows\SYSTEM32\ntdll.dll
0x00007ff88fba0000 - 0x00007ff88fcda000 	C:\Windows\system32\KERNEL32.DLL
0x00007ff88d250000 - 0x00007ff88d35f000 	C:\Windows\system32\KERNELBASE.dll
0x00007ff88f2c0000 - 0x00007ff88f365000 	C:\Windows\system32\ADVAPI32.dll
0x00007ff88f730000 - 0x00007ff88f8a1000 	C:\Windows\system32\USER32.dll
0x00007ff88acd0000 - 0x00007ff88af2a000 	C:\Windows\WinSxS\amd64_microsoft.windows.common-controls_6595b64144ccf1df_6.0.9600.16384_none_62475f7becb72503\COMCTL32.dll
0x00007ff88faf0000 - 0x00007ff88fb97000 	C:\Windows\system32\msvcrt.dll
0x00007ff88daf0000 - 0x00007ff88db47000 	C:\Windows\SYSTEM32\sechost.dll
0x00007ff88f3b0000 - 0x00007ff88f4e6000 	C:\Windows\system32\RPCRT4.dll
0x00007ff88d690000 - 0x00007ff88d7d5000 	C:\Windows\system32\GDI32.dll
0x00007ff88f370000 - 0x00007ff88f3a4000 	C:\Windows\system32\IMM32.DLL
0x00007ff88d820000 - 0x00007ff88d959000 	C:\Windows\system32\MSCTF.dll
0x0000000070350000 - 0x0000000070422000 	C:\Program Files\Java\jre1.8.0_25\bin\msvcr100.dll
0x00000000706f0000 - 0x0000000070f4a000 	C:\Program Files\Java\jre1.8.0_25\bin\server\jvm.dll
0x00007ff886ac0000 - 0x00007ff886ac9000 	C:\Windows\SYSTEM32\WSOCK32.dll
0x00007ff886cc0000 - 0x00007ff886cdf000 	C:\Windows\SYSTEM32\WINMM.dll
0x00007ff88fdf0000 - 0x00007ff88fdf7000 	C:\Windows\system32\PSAPI.DLL
0x00007ff88fd90000 - 0x00007ff88fde8000 	C:\Windows\system32\WS2_32.dll
0x00007ff886c70000 - 0x00007ff886c9a000 	C:\Windows\SYSTEM32\WINMMBASE.dll
0x00007ff88d810000 - 0x00007ff88d819000 	C:\Windows\system32\NSI.dll
0x00007ff88d540000 - 0x00007ff88d58a000 	C:\Windows\SYSTEM32\cfgmgr32.dll
0x00007ff88c000000 - 0x00007ff88c026000 	C:\Windows\SYSTEM32\DEVOBJ.dll
0x00000000706e0000 - 0x00000000706ef000 	C:\Program Files\Java\jre1.8.0_25\bin\verify.dll
0x00000000706b0000 - 0x00000000706d8000 	C:\Program Files\Java\jre1.8.0_25\bin\java.dll
0x0000000070690000 - 0x00000000706a6000 	C:\Program Files\Java\jre1.8.0_25\bin\zip.dll
0x00007ff88deb0000 - 0x00007ff88f2be000 	C:\Windows\system32\SHELL32.dll
0x00007ff88f550000 - 0x00007ff88f727000 	C:\Windows\SYSTEM32\combase.dll
0x00007ff88fa90000 - 0x00007ff88fae1000 	C:\Windows\system32\SHLWAPI.dll
0x00007ff88b400000 - 0x00007ff88b4a1000 	C:\Windows\SYSTEM32\SHCORE.dll
0x00007ff88d180000 - 0x00007ff88d194000 	C:\Windows\SYSTEM32\profapi.dll
0x0000000070480000 - 0x0000000070618000 	C:\Program Files\Java\jre1.8.0_25\bin\awt.dll
0x00007ff88dbf0000 - 0x00007ff88dca7000 	C:\Windows\system32\OLEAUT32.dll
0x00007ff88bdb0000 - 0x00007ff88be3b000 	C:\Windows\system32\apphelp.dll
0x00007ff88b790000 - 0x00007ff88b8b2000 	C:\Windows\system32\uxtheme.dll
0x00007ff88af30000 - 0x00007ff88af3a000 	C:\Windows\SYSTEM32\VERSION.dll
0x00007ff88d960000 - 0x00007ff88dad5000 	C:\Windows\system32\ole32.dll
0x00007ff881d40000 - 0x00007ff881dd8000 	C:\Program Files\Common Files\microsoft shared\ink\tiptsf.dll
0x00007ff88b000000 - 0x00007ff88b021000 	C:\Windows\system32\dwmapi.dll
0x00007ff88c050000 - 0x00007ff88c05a000 	C:\Windows\SYSTEM32\kernel.appcore.dll
0x00007ff88d050000 - 0x00007ff88d05a000 	C:\Windows\SYSTEM32\CRYPTBASE.dll
0x00007ff88cff0000 - 0x00007ff88d04e000 	C:\Windows\SYSTEM32\bcryptPrimitives.dll
0x00007ff877790000 - 0x00007ff87799a000 	C:\Windows\system32\d3d9.dll
0x00007ff883960000 - 0x00007ff883aa7000 	C:\Windows\SYSTEM32\aticfx64.dll
0x00007ff88a380000 - 0x00007ff88a3a0000 	C:\Windows\SYSTEM32\atiu9p64.dll
0x00007ff872110000 - 0x00007ff872894000 	C:\Windows\SYSTEM32\atiumd64.dll
0x0000000070f80000 - 0x00000000719ed000 	C:\Windows\SYSTEM32\atiumd6a.dll
0x0000000070430000 - 0x0000000070477000 	C:\Program Files\Java\jre1.8.0_25\bin\fontmanager.dll
0x00007ff88a7d0000 - 0x00007ff88a833000 	C:\Windows\SYSTEM32\oleacc.dll
0x0000000070670000 - 0x000000007068a000 	C:\Program Files\Java\jre1.8.0_25\bin\net.dll
0x00007ff88c9e0000 - 0x00007ff88ca38000 	C:\Windows\system32\mswsock.dll
0x0000000070650000 - 0x0000000070661000 	C:\Program Files\Java\jre1.8.0_25\bin\nio.dll
0x0000000070300000 - 0x0000000070341000 	C:\Program Files\Java\jre1.8.0_25\bin\t2k.dll
0x00007ff88fce0000 - 0x00007ff88fd84000 	C:\Windows\SYSTEM32\clbcatq.dll
0x00007ff886630000 - 0x00007ff8867b8000 	C:\Windows\SYSTEM32\dbghelp.dll

VM Arguments:
jvm_args: -Dfile.encoding=Cp1252 
java_command: ui.ViewAttendanceReport
java_class_path (initial): E:\android\Android\Java\TestConnection\bin;E:\android\ojdbc6.jar;E:\android\jdatepicker-1.3.4.jar
Launcher Type: SUN_STANDARD

Environment Variables:
JAVA_HOME=C:\Program Files\Java\jdk1.8.0_25
PATH=C:/Program Files/Java/jre1.8.0_25/bin/server;C:/Program Files/Java/jre1.8.0_25/bin;C:/Program Files/Java/jre1.8.0_25/lib/amd64;E:\app\Subhasree\product\11.2.0\dbhome_1\bin;C:\ProgramData\Oracle\Java\javapath;C:\Windows\system32;C:\Windows;C:\Windows\System32\Wbem;C:\Windows\System32\WindowsPowerShell\v1.0\;C:\Program Files (x86)\ATI Technologies\ATI.ACE\Core-Static;C:\Program Files\Microsoft\Web Platform Installer\;C:\Program Files (x86)\Microsoft ASP.NET\ASP.NET Web Pages\v1.0\;C:\Program Files (x86)\Windows Kits\8.0\Windows Performance Toolkit\;C:\Program Files\Microsoft SQL Server\110\Tools\Binn\;C:\Program Files\Java\jdk1.8.0_25\bin;E:\android\eclipse\eclipse;
USERNAME=Subhasree
OS=Windows_NT
PROCESSOR_IDENTIFIER=AMD64 Family 22 Model 48 Stepping 1, AuthenticAMD



---------------  S Y S T E M  ---------------

OS: Windows 8.1 , 64 bit Build 9600 

CPU:total 4 (4 cores per cpu, 1 threads per core) family 22 model 48 stepping 1, cmov, cx8, fxsr, mmx, sse, sse2, sse3, ssse3, sse4.1, sse4.2, popcnt, avx, aes, clmul, mmxext, 3dnowpref, lzcnt, sse4a, tsc, tscinvbit, tscinv, bmi1

Memory: 4k page, physical 3630160k(1102260k free), swap 7300176k(2065524k free)

vm_info: Java HotSpot(TM) 64-Bit Server VM (25.25-b02) for windows-amd64 JRE (1.8.0_25-b18), built on Oct  7 2014 14:25:37 by "java_re" with MS VC++ 10.0 (VS2010)

time: Tue Apr 21 12:07:14 2015
elapsed time: 7 seconds (0d 0h 0m 7s)

